Arguments: 
  /usr/local/bin/node /usr/local/bin/yarn

PATH: 
  /usr/local/opt/openjdk@11/bin:/Users/jiangshaochuan/Desktop/我的电脑/个人文档/知否文章集合/蒋少川技术栈/npm/jsc-classes/flutter/bin:/usr/local/bin:/usr/local/bin:/usr/local/sbin:/usr/local/bin:/usr/bin:/bin:/usr/sbin:/sbin:/Library/Apple/usr/bin:/usr/local/opt/openjdk@11/bin://flutter/bin:/usr/local/sbin:/Library/Maven/apache-maven-3.8.6/bin:/Library/Maven/apache-maven-3.8.6/bin

Yarn version: 
  1.22.10

Node version: 
  14.17.5

Platform: 
  darwin x64

Trace: 
  Error: read ECONNRESET
      at TLSWrap.onStreamRead (internal/stream_base_commons.js:209:20)

npm manifest: 
  {
      "name": "jsc-classes",
      "version": "1.1.0",
      "description": "工具类库",
      "scripts": {
          "build": "rollup -c"
      },
      "main": "index.js",
      "module": "index.mjs",
      "types": "index.d.ts",
      "sideEffects": false,
      "files": [
          "events.js",
          "events.mjs",
          "events.d.ts",
          "fault.js",
          "fault.mjs",
          "fault.d.ts",
          "history.js",
          "history.mjs",
          "history.d.ts",
          "keyboard.js",
          "keyboard.mjs",
          "keyboard.d.ts",
          "validation.js",
          "validation.mjs",
          "validation.d.ts"
      ],
      "keywords": [
          "jsc",
          "classes"
      ],
      "author": "蒋少川",
      "maintainers": [],
      "repository": {
          "type": "git",
          "url": "git+https://github.com/jiangsc93/jsc-classes.git"
      },
      "license": "MIT",
      "dependencies": {
          "jsc-utils": "^1.1.1"
      },
      "devDependencies": {
          "@babel/core": "^7.9.6",
          "@babel/eslint-parser": "^7.12.13",
          "@babel/preset-env": "^7.9.6",
          "@babel/preset-typescript": "^7.9.0",
          "@commitlint/cli": "^8.3.5",
          "@commitlint/config-conventional": "^8.3.4",
          "@rollup/plugin-commonjs": "^17.0.0",
          "@rollup/plugin-json": "^4.1.0",
          "@rollup/plugin-typescript": "^8.1.0",
          "@types/jest": "^25.2.1",
          "@typescript-eslint/eslint-plugin": "^2.29.0",
          "@typescript-eslint/parser": "^2.29.0",
          "eslint": "^6.8.0",
          "eslint-config-prettier": "^6.11.0",
          "eslint-plugin-import": "^2.20.2",
          "eslint-plugin-jest": "^23.8.2",
          "eslint-plugin-prettier": "^3.1.3",
          "glob": "^7.1.6",
          "husky": "^4.2.5",
          "jest": "^25.4.0",
          "lint-staged": "^10.1.7",
          "prettier": "^2.0.5",
          "rollup": "^2.35.1",
          "rollup-plugin-auto-external": "^2.0.0",
          "tslib": "^1.11.1",
          "typescript": "^3.9.3"
      }
  }

yarn manifest: 
  No manifest

Lockfile: 
  No lockfile
